<?xml version="1.0" encoding="UTF-8"?>
<!-- Generated by org.testng.reporters.JUnitXMLReporter -->
<testsuite hostname="WLE19JV4" ignored="0" name="Test" tests="1" failures="0" timestamp="04 Mar 2022 02:23:40 GMT" time="0.081" errors="0">
  <testcase name="@BeforeMethod openApp" time="0.006" classname="generic.BaseTest">
    <failure type="java.lang.NumberFormatException" message="For input string: &amp;quot;&amp;quot;">
      <![CDATA[java.lang.NumberFormatException: For input string: ""
at java.lang.NumberFormatException.forInputString(NumberFormatException.java:65)
at java.lang.Long.parseLong(Long.java:601)
at java.lang.Long.parseLong(Long.java:631)
at generic.BaseTest.openApp(BaseTest.java:25)
... Removed 28 stack frames]]>
    </failure>
  </testcase> <!-- @BeforeMethod openApp -->
  <testcase name="@AfterMethod closeApp" time="0.0" classname="generic.BaseTest">
    <skipped/>
  </testcase> <!-- @AfterMethod closeApp -->
  <testcase name="testA" time="0.0" classname="script.Test1">
    <skipped/>
  </testcase> <!-- testA -->
</testsuite> <!-- Test -->
