<?xml version="1.0" encoding="UTF-8"?>
<!-- Generated by org.testng.reporters.JUnitXMLReporter -->
<testsuite hostname="WLE19JV4" ignored="0" name="Test" tests="3" failures="1" timestamp="09 Mar 2022 03:20:52 GMT" time="77.238" errors="0">
  <testcase name="testA" time="5.337" classname="script.Test1"/>
  <testcase name="testValidLogin" time="4.277" classname="script.ValidLogin"/>
  <testcase name="testInvalidLogin" time="26.012" classname="script.InvalidLogin">
    <failure type="java.lang.AssertionError" message="Err Msg is Not Dispalyed expected [true] but found [false]">
      <![CDATA[java.lang.AssertionError: Err Msg is Not Dispalyed expected [true] but found [false]
at script.InvalidLogin.testInvalidLogin(InvalidLogin.java:36)
... Removed 28 stack frames]]>
    </failure>
  </testcase> <!-- testInvalidLogin -->
</testsuite> <!-- Test -->
